2026-02-12 21:25:04,296 [INFO] ==================================================
2026-02-12 21:25:04,296 [INFO] Real Estate Pipeline Run - 2026-02-12 21:25:04.296625
2026-02-12 21:25:04,297 [INFO] ==================================================
2026-02-12 21:25:04,297 [INFO]     Fetching 90004 (limit=15...
2026-02-12 21:25:05,441 [INFO]     Got 15cof 117 total listings
2026-02-12 21:25:05,535 [INFO]     Fetching 90012 (limit=15...
2026-02-12 21:25:07,137 [INFO]     Got 15cof 82 total listings
2026-02-12 21:25:07,194 [INFO]     Fetching 90015 (limit=15...
2026-02-12 21:25:08,465 [INFO]     Got 15cof 93 total listings
2026-02-12 21:25:08,519 [INFO]     Fetching 90028 (limit=15...
2026-02-12 21:25:10,128 [INFO]     Got 15cof 64 total listings
2026-02-12 21:25:10,181 [INFO]     Fetching 90036 (limit=15...
2026-02-12 21:25:11,156 [INFO]     Got 15cof 57 total listings
2026-02-12 21:25:11,226 [INFO] ==================================================
2026-02-12 21:25:11,226 [INFO] Done! 73 fetched, 73 upserted
2026-02-12 21:25:11,226 [INFO] ==================================================
2026-02-12 21:26:28,547 [INFO] ==================================================
2026-02-12 21:26:28,548 [INFO] Real Estate Pipeline Run - 2026-02-12 21:26:28.548125
2026-02-12 21:26:28,548 [INFO] ==================================================
2026-02-12 21:26:28,548 [INFO]     Fetching 90004 (limit=15...
2026-02-12 21:26:29,968 [INFO]     Got 15cof 117 total listings
2026-02-12 21:26:30,047 [INFO] [OK] 90004: 15 fetched, 15 upserted
2026-02-12 21:26:30,048 [INFO]     Fetching 90012 (limit=15...
2026-02-12 21:26:31,401 [INFO]     Got 15cof 82 total listings
2026-02-12 21:26:31,450 [INFO] [OK] 90012: 15 fetched, 15 upserted
2026-02-12 21:26:31,450 [INFO]     Fetching 90015 (limit=15...
2026-02-12 21:26:33,290 [INFO]     Got 15cof 93 total listings
2026-02-12 21:26:33,339 [INFO] [OK] 90015: 15 fetched, 15 upserted
2026-02-12 21:26:33,339 [INFO]     Fetching 90028 (limit=15...
2026-02-12 21:26:34,271 [INFO]     Got 15cof 64 total listings
2026-02-12 21:26:34,327 [INFO] [OK] 90028: 13 fetched, 13 upserted
2026-02-12 21:26:34,347 [INFO]     Fetching 90036 (limit=15...
2026-02-12 21:26:35,688 [INFO]     Got 15cof 57 total listings
2026-02-12 21:26:35,741 [INFO] [OK] 90036: 15 fetched, 15 upserted
2026-02-12 21:26:35,741 [INFO] ==================================================
2026-02-12 21:26:35,742 [INFO] Done! 73 fetched, 73 upserted
2026-02-12 21:26:35,744 [INFO] ==================================================
